[2025-09-20 11:28:29] [INFO] Database connection established successfully
[2025-09-20 11:28:31] [INFO] New connection established: 69
[2025-09-20 11:28:32] [INFO] New connection established: 99
[2025-09-20 11:28:37] [INFO] Client disconnected: 69 (Type: guest)
[2025-09-20 11:28:37] [INFO] Client disconnected: 99 (Type: guest)
[2025-09-20 11:28:38] [INFO] New connection established: 104
[2025-09-20 11:28:38] [INFO] New connection established: 107
[2025-09-20 11:32:45] [INFO] Client disconnected: 107 (Type: guest)
[2025-09-20 11:32:45] [INFO] Client disconnected: 104 (Type: guest)
[2025-09-20 11:33:44] [INFO] New connection established: 110
[2025-09-20 11:33:44] [INFO] New connection established: 113
[2025-09-20 11:34:00] [INFO] Client disconnected: 110 (Type: guest)
[2025-09-20 11:34:00] [INFO] Client disconnected: 113 (Type: guest)
[2025-09-20 11:34:01] [INFO] New connection established: 116
[2025-09-20 11:34:01] [INFO] New connection established: 119
[2025-09-20 11:35:52] [INFO] Client disconnected: 119 (Type: guest)
[2025-09-20 11:35:52] [INFO] Client disconnected: 116 (Type: guest)
[2025-09-20 11:40:32] [INFO] New connection established: 122
[2025-09-20 11:40:32] [INFO] New connection established: 125
[2025-09-20 11:40:32] [INFO] Received message from client 125: {"action":"authenticate","userType":"customer","userId":"1"}
[2025-09-20 11:40:32] [INFO] Client 125 authenticated as customer
[2025-09-20 11:40:34] [INFO] Client disconnected: 125 (Type: customer)
[2025-09-20 11:40:34] [INFO] Client disconnected: 122 (Type: guest)
[2025-09-20 11:40:35] [INFO] New connection established: 128
[2025-09-20 11:40:35] [INFO] New connection established: 131
[2025-09-20 11:40:35] [INFO] Received message from client 131: {"action":"authenticate","userType":"customer","userId":"1"}
[2025-09-20 11:40:35] [INFO] Client 131 authenticated as customer
[2025-09-20 11:42:46] [INFO] Client disconnected: 131 (Type: customer)
[2025-09-20 11:42:46] [INFO] Client disconnected: 128 (Type: guest)
[2025-09-20 11:44:25] [INFO] New connection established: 134
[2025-09-20 11:44:25] [INFO] New connection established: 137
[2025-09-20 11:44:25] [INFO] New connection established: 140
[2025-09-20 11:44:25] [INFO] Received message from client 140: {"action":"authenticate","userType":"customer","userId":"1"}
[2025-09-20 11:44:25] [INFO] Client 140 authenticated as customer
[2025-09-20 11:47:15] [INFO] Client disconnected: 140 (Type: customer)
[2025-09-20 11:47:15] [INFO] Client disconnected: 134 (Type: guest)
[2025-09-20 11:47:15] [INFO] Client disconnected: 137 (Type: guest)
[2025-09-20 11:50:22] [INFO] New connection established: 143
[2025-09-20 11:50:22] [INFO] New connection established: 146
[2025-09-20 11:50:22] [INFO] New connection established: 149
[2025-09-20 11:50:22] [INFO] Received message from client 149: {"action":"authenticate","userType":"customer","userId":"1"}
[2025-09-20 11:50:22] [INFO] Client 149 authenticated as customer
[2025-09-20 11:51:35] [INFO] Client disconnected: 149 (Type: customer)
[2025-09-20 11:51:35] [INFO] Client disconnected: 143 (Type: guest)
[2025-09-20 11:51:35] [INFO] Client disconnected: 146 (Type: guest)
[2025-09-20 11:51:48] [INFO] New connection established: 152
[2025-09-20 11:51:48] [INFO] New connection established: 155
[2025-09-20 11:51:48] [INFO] New connection established: 158
[2025-09-20 11:51:49] [INFO] Received message from client 158: {"action":"authenticate","userType":"customer","userId":"1"}
[2025-09-20 11:51:49] [INFO] Client 158 authenticated as customer
[2025-09-20 11:51:51] [INFO] Client disconnected: 152 (Type: guest)
[2025-09-20 11:51:51] [INFO] Client disconnected: 155 (Type: guest)
[2025-09-20 11:51:51] [INFO] Client disconnected: 158 (Type: customer)
[2025-09-20 11:54:27] [INFO] New connection established: 161
[2025-09-20 11:54:27] [INFO] New connection established: 164
[2025-09-20 11:54:27] [INFO] New connection established: 167
[2025-09-20 11:54:27] [INFO] Received message from client 167: {"action":"authenticate","userType":"customer","userId":"1"}
[2025-09-20 11:54:27] [INFO] Client 167 authenticated as customer
[2025-09-20 11:57:22] [INFO] Client disconnected: 167 (Type: customer)
[2025-09-20 11:57:22] [INFO] Client disconnected: 161 (Type: guest)
[2025-09-20 11:57:22] [INFO] Client disconnected: 164 (Type: guest)
[2025-09-20 11:58:54] [INFO] New connection established: 170
[2025-09-20 11:58:54] [INFO] New connection established: 173
[2025-09-20 11:58:54] [INFO] New connection established: 176
[2025-09-20 11:58:54] [INFO] Received message from client 176: {"action":"authenticate","userType":"customer","userId":"1"}
[2025-09-20 11:58:54] [INFO] Client 176 authenticated as customer
[2025-09-20 12:04:25] [INFO] Client disconnected: 176 (Type: customer)
[2025-09-20 12:04:25] [INFO] Client disconnected: 170 (Type: guest)
[2025-09-20 12:04:25] [INFO] Client disconnected: 173 (Type: guest)
[2025-09-20 12:12:24] [INFO] New connection established: 179
[2025-09-20 12:12:24] [INFO] New connection established: 182
[2025-09-20 12:12:24] [INFO] New connection established: 185
[2025-09-20 12:12:24] [INFO] Received message from client 185: {"action":"authenticate","userType":"customer","userId":"1"}
[2025-09-20 12:12:24] [INFO] Client 185 authenticated as customer
[2025-09-20 12:12:31] [INFO] Client disconnected: 185 (Type: customer)
[2025-09-20 12:12:31] [INFO] Client disconnected: 179 (Type: guest)
[2025-09-20 12:12:31] [INFO] Client disconnected: 182 (Type: guest)
[2025-09-20 12:14:45] [INFO] Database connection established successfully
[2025-09-20 12:19:08] [INFO] New connection established: 69
[2025-09-20 12:19:08] [INFO] New connection established: 99
[2025-09-20 12:19:08] [INFO] New connection established: 102
[2025-09-20 12:19:08] [INFO] Received message from client 102: {"action":"authenticate","userType":"customer","userId":"1"}
[2025-09-20 12:19:08] [INFO] Client 102 authenticated as customer
[2025-09-20 12:27:53] [INFO] Client disconnected: 102 (Type: customer)
[2025-09-20 12:27:53] [INFO] Client disconnected: 69 (Type: guest)
[2025-09-20 12:27:53] [INFO] Client disconnected: 99 (Type: guest)
[2025-09-20 12:27:55] [INFO] New connection established: 107
[2025-09-20 12:27:55] [INFO] New connection established: 110
[2025-09-20 12:27:55] [INFO] New connection established: 113
[2025-09-20 12:27:55] [INFO] New connection established: 116
[2025-09-20 12:27:55] [INFO] Received message from client 116: {"action":"authenticate","userType":"customer","userId":"1"}
[2025-09-20 12:27:55] [INFO] Client 116 authenticated as customer
[2025-09-20 12:28:21] [INFO] Client disconnected: 107 (Type: guest)
[2025-09-20 12:28:21] [INFO] Client disconnected: 110 (Type: guest)
[2025-09-20 12:28:21] [INFO] Client disconnected: 113 (Type: guest)
[2025-09-20 12:28:21] [INFO] Client disconnected: 116 (Type: customer)
[2025-09-20 12:28:22] [INFO] New connection established: 119
[2025-09-20 12:28:22] [INFO] New connection established: 122
[2025-09-20 12:28:22] [INFO] New connection established: 125
[2025-09-20 12:28:22] [INFO] New connection established: 128
[2025-09-20 12:28:22] [INFO] Received message from client 128: {"action":"authenticate","userType":"customer","userId":"1"}
[2025-09-20 12:28:22] [INFO] Client 128 authenticated as customer
[2025-09-20 12:28:26] [INFO] Client disconnected: 119 (Type: guest)
[2025-09-20 12:28:26] [INFO] Client disconnected: 122 (Type: guest)
[2025-09-20 12:28:26] [INFO] Client disconnected: 125 (Type: guest)
[2025-09-20 12:28:26] [INFO] Client disconnected: 128 (Type: customer)
[2025-09-20 12:28:35] [INFO] New connection established: 131
[2025-09-20 12:28:35] [INFO] New connection established: 134
[2025-09-20 12:28:35] [INFO] New connection established: 137
[2025-09-20 12:28:35] [INFO] Received message from client 137: {"action":"authenticate","userType":"customer","userId":"1"}
[2025-09-20 12:28:35] [INFO] Client 137 authenticated as customer
[2025-09-20 12:29:07] [INFO] Client disconnected: 131 (Type: guest)
[2025-09-20 12:29:07] [INFO] Client disconnected: 134 (Type: guest)
[2025-09-20 12:29:07] [INFO] Client disconnected: 137 (Type: customer)
[2025-09-20 12:29:15] [INFO] New connection established: 140
[2025-09-20 12:29:15] [INFO] New connection established: 143
[2025-09-20 12:29:15] [INFO] New connection established: 146
[2025-09-20 12:29:15] [INFO] Received message from client 146: {"action":"authenticate","userType":"customer","userId":"1"}
[2025-09-20 12:29:15] [INFO] Client 146 authenticated as customer
[2025-09-20 12:29:29] [INFO] Client disconnected: 140 (Type: guest)
[2025-09-20 12:29:29] [INFO] Client disconnected: 143 (Type: guest)
[2025-09-20 12:29:29] [INFO] Client disconnected: 146 (Type: customer)
[2025-09-20 12:30:48] [INFO] New connection established: 149
[2025-09-20 12:30:48] [INFO] New connection established: 152
[2025-09-20 12:30:49] [INFO] New connection established: 155
[2025-09-20 12:30:49] [INFO] Received message from client 155: {"action":"authenticate","userType":"customer","userId":"1"}
[2025-09-20 12:30:49] [INFO] Client 155 authenticated as customer
[2025-09-20 12:41:33] [INFO] Client disconnected: 155 (Type: customer)
[2025-09-20 12:41:33] [INFO] Client disconnected: 149 (Type: guest)
[2025-09-20 12:41:33] [INFO] Client disconnected: 152 (Type: guest)
[2025-09-20 12:41:35] [INFO] New connection established: 158
[2025-09-20 12:41:35] [INFO] New connection established: 161
[2025-09-20 12:41:35] [INFO] New connection established: 164
[2025-09-20 12:41:35] [INFO] Received message from client 164: {"action":"authenticate","userType":"customer","userId":"1"}
[2025-09-20 12:41:35] [INFO] Client 164 authenticated as customer
[2025-09-20 12:41:38] [INFO] Client disconnected: 164 (Type: customer)
[2025-09-20 12:41:38] [INFO] Client disconnected: 158 (Type: guest)
[2025-09-20 12:41:38] [INFO] Client disconnected: 161 (Type: guest)
[2025-09-20 12:41:39] [INFO] New connection established: 167
[2025-09-20 12:41:39] [INFO] New connection established: 170
[2025-09-20 12:41:39] [INFO] New connection established: 173
[2025-09-20 12:41:39] [INFO] Received message from client 173: {"action":"authenticate","userType":"customer","userId":"1"}
[2025-09-20 12:41:39] [INFO] Client 173 authenticated as customer
[2025-09-20 12:51:30] [INFO] Client disconnected: 173 (Type: customer)
[2025-09-20 12:51:30] [INFO] Client disconnected: 167 (Type: guest)
[2025-09-20 12:51:30] [INFO] Client disconnected: 170 (Type: guest)
[2025-09-20 14:13:42] [INFO] Database connection established successfully
[2025-09-20 14:31:51] [INFO] Database connection established successfully
[2025-09-20 14:55:36] [INFO] Database connection established successfully
[2025-09-20 14:55:39] [INFO] Database connection established successfully
